Arguments: 
  /Users/fattahilmi/.nvm/versions/node/v18.1.0/bin/node /Users/fattahilmi/.nvm/versions/node/v18.1.0/bin/yarn

PATH: 
  /Users/fattahilmi/.nvm/versions/node/v18.1.0/bin:/opt/homebrew/bin:/opt/homebrew/sbin:/Library/Frameworks/Python.framework/Versions/3.8/bin:/Library/Frameworks/Python.framework/Versions/3.9/bin:/usr/local/bin:/usr/bin:/bin:/usr/sbin:/sbin:/Library/TeX/texbin:/opt/X11/bin:/Library/Apple/usr/bin:/Library/Frameworks/Mono.framework/Versions/Current/Commands:/Users/fattahilmi/.nvm/versions/node/v18.1.0/bin:/Users/fattahilmi/miniforge3/condabin:/opt/homebrew/bin:/opt/homebrew/sbin:/Library/Frameworks/Python.framework/Versions/3.8/bin:/Library/Frameworks/Python.framework/Versions/3.9/bin:/Users/fattahilmi/.cargo/bin:/Users/fattahilmi/FlutterDev/flutter/bin:/Users/fattahilmi/FlutterDev/flutter/bin:/Users/fattahilmi/FlutterDev/flutter/bin

Yarn version: 
  1.22.19

Node version: 
  18.1.0

Platform: 
  darwin arm64

Trace: 
  Error: getaddrinfo ENOTFOUND registry.npmjs.org
      at GetAddrInfoReqWrap.onlookup [as oncomplete] (node:dns:83:26)

npm manifest: 
  {
    "name": "ecommerce_api",
    "version": "1.0.0",
    "description": "",
    "main": "index.js",
    "type": "module",
    "scripts": {
      "test": "echo \"Error: no test specified\" && exit 1",
      "start": "nodemon index.js"
    },
    "keywords": [],
    "author": "",
    "license": "ISC",
    "dependencies": {
      "body-parser": "^1.20.0",
      "dotenv": "^16.0.1",
      "express": "^4.18.1",
      "mongoose": "^6.5.2"
    },
    "devDependencies": {
      "nodemon": "^2.0.19"
    }
  }

yarn manifest: 
  No manifest

Lockfile: 
  No lockfile
